<?xml version="1.0" encoding="UTF-8"?>
<testng-results ignored="0" total="2" passed="2" failed="0" skipped="0">
  <reporter-output>
  </reporter-output>
  <suite started-at="2024-01-03T12:50:49 CET" name="Suite" finished-at="2024-01-03T12:51:16 CET" duration-ms="27279">
    <groups>
    </groups>
    <test started-at="2024-01-03T12:50:49 CET" name="Test" finished-at="2024-01-03T12:51:16 CET" duration-ms="27279">
      <class name="herbatest.Herbalhealthtest">
        <test-method is-config="true" signature="setUp()[pri:0, instance:herbatest.Herbalhealthtest@2d52216b]" started-at="2024-01-03T12:51:00 CET" name="setUp" finished-at="2024-01-03T12:51:06 CET" duration-ms="6813" status="PASS">
          <reporter-output>
          </reporter-output>
        </test-method> <!-- setUp -->
        <test-method signature="testclass()[pri:0, instance:herbatest.Herbalhealthtest@2d52216b]" started-at="2024-01-03T12:51:06 CET" name="testclass" finished-at="2024-01-03T12:51:16 CET" duration-ms="9474" status="PASS">
          <reporter-output>
          </reporter-output>
        </test-method> <!-- testclass -->
      </class> <!-- herbatest.Herbalhealthtest -->
      <class name="herbatest.Herbalogintest">
        <test-method is-config="true" signature="setUp()[pri:0, instance:herbatest.Herbalogintest@54e1c68b]" started-at="2024-01-03T12:50:49 CET" name="setUp" finished-at="2024-01-03T12:50:55 CET" duration-ms="6735" status="PASS">
          <reporter-output>
          </reporter-output>
        </test-method> <!-- setUp -->
        <test-method signature="testclass()[pri:0, instance:herbatest.Herbalogintest@54e1c68b]" started-at="2024-01-03T12:50:55 CET" name="testclass" finished-at="2024-01-03T12:51:00 CET" duration-ms="4190" status="PASS">
          <reporter-output>
          </reporter-output>
        </test-method> <!-- testclass -->
      </class> <!-- herbatest.Herbalogintest -->
    </test> <!-- Test -->
  </suite> <!-- Suite -->
</testng-results>
